<?xml version="1.0" encoding="UTF-8"?>
<coverage generated="1738163333984" clover="3.2.0">
  <project timestamp="1738163333984" name="All files">
    <metrics statements="10" coveredstatements="8" conditionals="3" coveredconditionals="0" methods="2" coveredmethods="1" elements="15" coveredelements="9" complexity="0" loc="10" ncloc="10" packages="1" files="1" classes="1"/>
    <file name="server.ts" path="/home/mesh/HNG-12/stage_0/src/server.ts">
      <metrics statements="10" coveredstatements="8" conditionals="3" coveredconditionals="0" methods="2" coveredmethods="1"/>
      <line num="1" count="1" type="stmt"/>
      <line num="2" count="1" type="stmt"/>
      <line num="5" count="1" type="stmt"/>
      <line num="8" count="1" type="stmt"/>
      <line num="10" count="1" type="stmt"/>
      <line num="11" count="4" type="stmt"/>
      <line num="18" count="1" type="cond" truecount="0" falsecount="1"/>
      <line num="19" count="0" type="cond" truecount="0" falsecount="2"/>
      <line num="20" count="0" type="stmt"/>
      <line num="24" count="1" type="stmt"/>
    </file>
  </project>
</coverage>
